[2016-08-05 18:10:06] default.ERROR: Leno\Exception: path_file's foreign_by not found [] []
[2016-08-05 18:10:06] default.ERROR: Leno\Exception: path_file's foreign_by not found [] []
[2016-08-05 18:10:06] default.ERROR: Leno\Exception: path_file's foreign_by not found [] []
[2016-08-05 18:10:06] default.ERROR: image/jpeg [] []
[2016-08-05 18:10:06] default.ERROR: Leno\Exception: width's foreign_by not found [] []
[2016-08-05 18:10:06] default.ERROR: Leno\Exception: height's foreign_by not found [] []
[2016-08-05 18:10:06] default.ERROR: Leno\Exception: type's foreign_by not found [] []
[2016-08-05 18:10:06] default.ERROR: Leno\Exception: size's foreign_by not found [] []
[2016-08-05 18:10:06] default.ERROR: Leno\Exception: name's foreign_by not found [] []
[2016-08-05 18:10:06] default.ERROR: Leno\Exception: md5's foreign_by not found [] []
[2016-08-05 18:10:06] default.ERROR: Leno\Exception: created's foreign_by not found [] []
[2016-08-05 18:10:28] default.ERROR: Leno\Exception: image_id's foreign_by not found [] []
[2016-08-05 18:11:39] default.ERROR: Leno\Exception: type's foreign_by not found [] []
[2016-08-05 18:11:39] default.ERROR: Leno\Exception: path_file's foreign_by not found [] []
[2016-08-05 18:15:22] default.ERROR: here [] []
[2016-08-05 18:15:22] default.ERROR: Leno\Exception: image_id's foreign_by not found [] []
[2016-08-05 18:18:49] default.ERROR: here [] []
[2016-08-05 18:19:38] default.ERROR: here [] []
[2016-08-05 18:19:38] default.ERROR: Leno\Exception: type's foreign_by not found [] []
[2016-08-05 18:19:38] default.ERROR: Leno\Exception: width's foreign_by not found [] []
[2016-08-05 18:19:38] default.ERROR: Leno\Exception: height's foreign_by not found [] []
[2016-08-05 18:19:38] default.ERROR: Leno\Exception: path_file's foreign_by not found [] []
[2016-08-05 18:19:38] default.ERROR: Leno\Exception: type's foreign_by not found [] []
[2016-08-05 18:19:38] default.ERROR: Leno\Exception: width's foreign_by not found [] []
[2016-08-05 18:19:38] default.ERROR: Leno\Exception: height's foreign_by not found [] []
[2016-08-05 18:19:43] default.ERROR: here [] []
[2016-08-05 18:19:43] default.ERROR: Leno\Exception: type's foreign_by not found [] []
[2016-08-05 18:19:43] default.ERROR: Leno\Exception: width's foreign_by not found [] []
[2016-08-05 18:19:43] default.ERROR: Leno\Exception: height's foreign_by not found [] []
[2016-08-05 18:19:43] default.ERROR: Leno\Exception: path_file's foreign_by not found [] []
[2016-08-05 18:19:43] default.ERROR: Leno\Exception: type's foreign_by not found [] []
[2016-08-05 18:19:43] default.ERROR: Leno\Exception: width's foreign_by not found [] []
[2016-08-05 18:19:43] default.ERROR: Leno\Exception: height's foreign_by not found [] []
[2016-08-05 18:19:47] default.ERROR: here [] []
[2016-08-05 18:19:47] default.ERROR: Leno\Exception: type's foreign_by not found [] []
[2016-08-05 18:19:47] default.ERROR: Leno\Exception: width's foreign_by not found [] []
[2016-08-05 18:19:47] default.ERROR: Leno\Exception: height's foreign_by not found [] []
[2016-08-05 18:19:47] default.ERROR: Leno\Exception: path_file's foreign_by not found [] []
[2016-08-05 18:19:47] default.ERROR: Leno\Exception: type's foreign_by not found [] []
[2016-08-05 18:19:47] default.ERROR: Leno\Exception: width's foreign_by not found [] []
[2016-08-05 18:19:47] default.ERROR: Leno\Exception: height's foreign_by not found [] []
[2016-08-05 18:19:54] default.ERROR: here [] []
[2016-08-05 18:19:54] default.ERROR: Leno\Exception: type's foreign_by not found [] []
[2016-08-05 18:19:54] default.ERROR: Leno\Exception: path_file's foreign_by not found [] []
[2016-08-05 18:19:54] default.ERROR: Leno\Exception: type's foreign_by not found [] []
[2016-08-05 18:19:54] default.ERROR: Leno\Exception: width's foreign_by not found [] []
[2016-08-05 18:19:54] default.ERROR: Leno\Exception: height's foreign_by not found [] []
[2016-08-05 18:24:05] default.ERROR: here [] []
[2016-08-05 18:24:05] default.ERROR: Leno\Exception: type's foreign_by not found [] []
[2016-08-05 18:24:05] default.ERROR: Leno\Exception: path_file's foreign_by not found [] []
[2016-08-05 18:24:05] default.ERROR: Leno\Exception: type's foreign_by not found [] []
[2016-08-05 18:24:05] default.ERROR: Leno\Exception: width's foreign_by not found [] []
[2016-08-05 18:24:05] default.ERROR: Leno\Exception: height's foreign_by not found [] []
[2016-08-05 18:24:09] default.ERROR: here [] []
[2016-08-05 18:24:09] default.ERROR: Leno\Exception: type's foreign_by not found [] []
[2016-08-05 18:24:09] default.ERROR: Leno\Exception: path_file's foreign_by not found [] []
[2016-08-05 18:24:09] default.ERROR: Leno\Exception: type's foreign_by not found [] []
[2016-08-05 18:24:09] default.ERROR: Leno\Exception: width's foreign_by not found [] []
[2016-08-05 18:24:09] default.ERROR: Leno\Exception: height's foreign_by not found [] []
[2016-08-05 18:24:12] default.ERROR: here [] []
[2016-08-05 18:24:12] default.ERROR: Leno\Exception: type's foreign_by not found [] []
[2016-08-05 18:24:12] default.ERROR: Leno\Exception: path_file's foreign_by not found [] []
[2016-08-05 18:24:12] default.ERROR: Leno\Exception: type's foreign_by not found [] []
[2016-08-05 18:24:12] default.ERROR: Leno\Exception: width's foreign_by not found [] []
[2016-08-05 18:24:12] default.ERROR: Leno\Exception: height's foreign_by not found [] []
[2016-08-05 18:29:06] default.ERROR: here [] []
[2016-08-05 18:29:06] default.ERROR: Leno\Exception: type's foreign_by not found [] []
[2016-08-05 18:29:06] default.ERROR: Leno\Exception: path_file's foreign_by not found [] []
[2016-08-05 18:29:06] default.ERROR: Leno\Exception: type's foreign_by not found [] []
[2016-08-05 18:29:06] default.ERROR: Leno\Exception: width's foreign_by not found [] []
[2016-08-05 18:29:06] default.ERROR: Leno\Exception: height's foreign_by not found [] []
[2016-08-05 18:29:08] default.ERROR: here [] []
[2016-08-05 18:29:08] default.ERROR: Leno\Exception: type's foreign_by not found [] []
[2016-08-05 18:29:08] default.ERROR: Leno\Exception: path_file's foreign_by not found [] []
[2016-08-05 18:29:08] default.ERROR: Leno\Exception: type's foreign_by not found [] []
[2016-08-05 18:29:08] default.ERROR: Leno\Exception: width's foreign_by not found [] []
[2016-08-05 18:29:08] default.ERROR: Leno\Exception: height's foreign_by not found [] []
[2016-08-05 18:29:15] default.ERROR: here [] []
[2016-08-05 18:29:15] default.ERROR: Leno\Exception: path_file's foreign_by not found [] []
[2016-08-05 18:29:15] default.ERROR: Leno\Exception: path_file's foreign_by not found [] []
[2016-08-05 18:29:15] default.ERROR: Leno\Exception: path_file's foreign_by not found [] []
[2016-08-05 18:29:15] default.ERROR: Leno\Exception: width's foreign_by not found [] []
[2016-08-05 18:29:15] default.ERROR: Leno\Exception: height's foreign_by not found [] []
[2016-08-05 18:29:15] default.ERROR: Leno\Exception: type's foreign_by not found [] []
[2016-08-05 18:29:15] default.ERROR: Leno\Exception: size's foreign_by not found [] []
[2016-08-05 18:29:15] default.ERROR: Leno\Exception: name's foreign_by not found [] []
[2016-08-05 18:29:15] default.ERROR: Leno\Exception: md5's foreign_by not found [] []
[2016-08-05 18:29:15] default.ERROR: Leno\Exception: created's foreign_by not found [] []
[2016-08-05 18:29:29] default.ERROR: here [] []
[2016-08-05 18:29:29] default.ERROR: Leno\Exception: type's foreign_by not found [] []
[2016-08-05 18:29:29] default.ERROR: Leno\Exception: path_file's foreign_by not found [] []
[2016-08-05 18:29:34] default.ERROR: here [] []
[2016-08-05 18:29:34] default.ERROR: Leno\Exception: type's foreign_by not found [] []
[2016-08-05 18:29:34] default.ERROR: Leno\Exception: width's foreign_by not found [] []
[2016-08-05 18:29:34] default.ERROR: Leno\Exception: height's foreign_by not found [] []
[2016-08-05 18:29:34] default.ERROR: Leno\Exception: path_file's foreign_by not found [] []
[2016-08-05 18:29:34] default.ERROR: Leno\Exception: type's foreign_by not found [] []
[2016-08-05 18:29:34] default.ERROR: Leno\Exception: width's foreign_by not found [] []
[2016-08-05 18:29:34] default.ERROR: Leno\Exception: height's foreign_by not found [] []
[2016-08-05 18:29:38] default.ERROR: here [] []
[2016-08-05 18:29:38] default.ERROR: Leno\Exception: type's foreign_by not found [] []
[2016-08-05 18:29:38] default.ERROR: Leno\Exception: width's foreign_by not found [] []
[2016-08-05 18:29:38] default.ERROR: Leno\Exception: height's foreign_by not found [] []
[2016-08-05 18:29:38] default.ERROR: Leno\Exception: path_file's foreign_by not found [] []
[2016-08-05 18:29:38] default.ERROR: Leno\Exception: type's foreign_by not found [] []
[2016-08-05 18:29:38] default.ERROR: Leno\Exception: width's foreign_by not found [] []
[2016-08-05 18:29:38] default.ERROR: Leno\Exception: height's foreign_by not found [] []
[2016-08-05 18:30:10] default.ERROR: here [] []
[2016-08-05 18:30:10] default.ERROR: Leno\Exception: type's foreign_by not found [] []
[2016-08-05 18:30:10] default.ERROR: Leno\Exception: path_file's foreign_by not found [] []
[2016-08-05 18:30:10] default.ERROR: Leno\Exception: type's foreign_by not found [] []
[2016-08-05 18:30:10] default.ERROR: Leno\Exception: width's foreign_by not found [] []
[2016-08-05 18:30:10] default.ERROR: Leno\Exception: height's foreign_by not found [] []
[2016-08-05 18:30:15] default.ERROR: here [] []
[2016-08-05 18:30:15] default.ERROR: Leno\Exception: type's foreign_by not found [] []
[2016-08-05 18:30:15] default.ERROR: Leno\Exception: path_file's foreign_by not found [] []
[2016-08-05 18:30:15] default.ERROR: Leno\Exception: type's foreign_by not found [] []
[2016-08-05 18:30:15] default.ERROR: Leno\Exception: width's foreign_by not found [] []
[2016-08-05 18:30:15] default.ERROR: Leno\Exception: height's foreign_by not found [] []
